\BOOKMARK [1][-]{section.1}{Part 1}{}% 1
\BOOKMARK [2][-]{subsection.1.1}{Problem Importance}{section.1}% 2
\BOOKMARK [2][-]{subsection.1.2}{Problem Formulation}{section.1}% 3
\BOOKMARK [2][-]{subsection.1.3}{Solution Proposals}{section.1}% 4
\BOOKMARK [2][-]{subsection.1.4}{Test Plan}{section.1}% 5
\BOOKMARK [2][-]{subsection.1.5}{Solution 1}{section.1}% 6
\BOOKMARK [2][-]{subsection.1.6}{Solution 2}{section.1}% 7
\BOOKMARK [2][-]{subsection.1.7}{Results}{section.1}% 8
\BOOKMARK [1][-]{section.2}{Part 2}{}% 9
\BOOKMARK [2][-]{subsection.2.1}{Problem Importance}{section.2}% 10
\BOOKMARK [2][-]{subsection.2.2}{Problem Formulation}{section.2}% 11
\BOOKMARK [2][-]{subsection.2.3}{Solution Proposals}{section.2}% 12
\BOOKMARK [2][-]{subsection.2.4}{Test Plan}{section.2}% 13
\BOOKMARK [2][-]{subsection.2.5}{Solution 1}{section.2}% 14
\BOOKMARK [2][-]{subsection.2.6}{Solution 2}{section.2}% 15
\BOOKMARK [2][-]{subsection.2.7}{Conclusion}{section.2}% 16
\BOOKMARK [1][-]{section.3}{Part 3}{}% 17
\BOOKMARK [2][-]{subsection.3.1}{Problem Importance}{section.3}% 18
\BOOKMARK [2][-]{subsection.3.2}{Problem Formulation \(DAM model\)}{section.3}% 19
\BOOKMARK [2][-]{subsection.3.3}{Solution Proposals \(DAM model\)}{section.3}% 20
\BOOKMARK [2][-]{subsection.3.4}{Test Plan \(DAM model\)}{section.3}% 21
\BOOKMARK [2][-]{subsection.3.5}{Solution 1 \(DAM model\)}{section.3}% 22
\BOOKMARK [2][-]{subsection.3.6}{MUCM}{section.3}% 23
\BOOKMARK [1][-]{section.4}{Conclusion}{}% 24
\BOOKMARK [1][-]{section*.3}{References}{}% 25
